# JRE version: Java(TM) SE Runtime Environment 18.9 (11.0.8+10) (build 11.0.8+10-LTS)
# Java VM: Java HotSpot(TM) 64-Bit Server VM 18.9 (11.0.8+10-LTS, mixed mode, tiered, compressed oops, g1 gc, windows-amd64)
Heap:
 garbage-first heap   total 312320K, used 164522K [0x0000000702200000, 0x0000000800000000)
  region size 1024K, 117 young (119808K), 2 survivors (2048K)
 Metaspace       used 35973K, capacity 36863K, committed 37040K, reserved 1083392K
  class space    used 3720K, capacity 3986K, committed 4096K, reserved 1048576K
GC Heap History (10 events):
Event: 1.880 GC heap before
{Heap before GC invocations=1 (full 0):
 garbage-first heap   total 260096K, used 63098K [0x0000000702200000, 0x0000000800000000)
  region size 1024K, 62 young (63488K), 3 survivors (3072K)
 Metaspace       used 20832K, capacity 21180K, committed 21296K, reserved 1069056K
  class space    used 2227K, capacity 2359K, committed 2432K, reserved 1048576K
}
Event: 1.888 GC heap after
{Heap after GC invocations=2 (full 0):
 garbage-first heap   total 260096K, used 7981K [0x0000000702200000, 0x0000000800000000)
  region size 1024K, 8 young (8192K), 8 survivors (8192K)
 Metaspace       used 20832K, capacity 21180K, committed 21296K, reserved 1069056K
  class space    used 2227K, capacity 2359K, committed 2432K, reserved 1048576K
}
Event: 2.772 GC heap before
{Heap before GC invocations=3 (full 0):
 garbage-first heap   total 260096K, used 75565K [0x0000000702200000, 0x0000000800000000)
  region size 1024K, 74 young (75776K), 8 survivors (8192K)
 Metaspace       used 22100K, capacity 22527K, committed 22832K, reserved 1069056K
  class space    used 2282K, capacity 2400K, committed 2432K, reserved 1048576K
}
Event: 2.785 GC heap after
{Heap after GC invocations=4 (full 0):
 garbage-first heap   total 260096K, used 12519K [0x0000000702200000, 0x0000000800000000)
  region size 1024K, 9 young (9216K), 9 survivors (9216K)
 Metaspace       used 22100K, capacity 22527K, committed 22832K, reserved 1069056K
  class space    used 2282K, capacity 2400K, committed 2432K, reserved 1048576K
}
Event: 5.017 GC heap before
{Heap before GC invocations=4 (full 0):
 garbage-first heap   total 260096K, used 159975K [0x0000000702200000, 0x0000000800000000)
  region size 1024K, 152 young (155648K), 9 survivors (9216K)
 Metaspace       used 32116K, capacity 32844K, committed 33072K, reserved 1079296K
  class space    used 3373K, capacity 3610K, committed 3712K, reserved 1048576K
}
Event: 5.035 GC heap after
{Heap after GC invocations=5 (full 0):
 garbage-first heap   total 260096K, used 25816K [0x0000000702200000, 0x0000000800000000)
  region size 1024K, 19 young (19456K), 19 survivors (19456K)
 Metaspace       used 32116K, capacity 32844K, committed 33072K, reserved 1079296K
  class space    used 3373K, capacity 3610K, committed 3712K, reserved 1048576K
}
Event: 6.317 GC heap before
{Heap before GC invocations=5 (full 0):
 garbage-first heap   total 260096K, used 163032K [0x0000000702200000, 0x0000000800000000)
  region size 1024K, 152 young (155648K), 19 survivors (19456K)
 Metaspace       used 33973K, capacity 34901K, committed 34992K, reserved 1081344K
  class space    used 3503K, capacity 3794K, committed 3840K, reserved 1048576K
}
Event: 6.344 GC heap after
{Heap after GC invocations=6 (full 0):
 garbage-first heap   total 312320K, used 45423K [0x0000000702200000, 0x0000000800000000)
  region size 1024K, 18 young (18432K), 18 survivors (18432K)
 Metaspace       used 33973K, capacity 34901K, committed 34992K, reserved 1081344K
  class space    used 3503K, capacity 3794K, committed 3840K, reserved 1048576K
}
Event: 6.609 GC heap before
{Heap before GC invocations=6 (full 0):
 garbage-first heap   total 312320K, used 63855K [0x0000000702200000, 0x0000000800000000)
  region size 1024K, 37 young (37888K), 18 survivors (18432K)
 Metaspace       used 34962K, capacity 35768K, committed 35888K, reserved 1081344K
  class space    used 3618K, capacity 3891K, committed 3968K, reserved 1048576K
}
Event: 6.620 GC heap after
{Heap after GC invocations=7 (full 0):
 garbage-first heap   total 312320K, used 47786K [0x0000000702200000, 0x0000000800000000)
  region size 1024K, 2 young (2048K), 2 survivors (2048K)
 Metaspace       used 34962K, capacity 35768K, committed 35888K, reserved 1081344K
  class space    used 3618K, capacity 3891K, committed 3968K, reserved 1048576K
}

